[    3957ms] Error: Minified React error #418; visit https://react.dev/errors/418 for the full message or use the non-minified dev environment for full errors and additional helpful warnings.
    at t5 (https://p.z1.pub/_next/static/chunks/fd9d1056-cef6101d7157b6a0.js:1:24673)
    at iZ (https://p.z1.pub/_next/static/chunks/fd9d1056-cef6101d7157b6a0.js:1:120538)
    at ia (https://p.z1.pub/_next/static/chunks/fd9d1056-cef6101d7157b6a0.js:1:95165)
    at https://p.z1.pub/_next/static/chunks/fd9d1056-cef6101d7157b6a0.js:1:91091
    at https://p.z1.pub/_next/static/chunks/fd9d1056-cef6101d7157b6a0.js:1:91098
    at oZ (https://p.z1.pub/_next/static/chunks/fd9d1056-cef6101d7157b6a0.js:1:91203)
    at MessagePort.M (https://p.z1.pub/_next/static/chunks/2117-01eff9e7b8472831.js:1:85059)
[    3957ms] Error: Minified React error #418; visit https://react.dev/errors/418 for the full message or use the non-minified dev environment for full errors and additional helpful warnings.
    at t5 (https://p.z1.pub/_next/static/chunks/fd9d1056-cef6101d7157b6a0.js:1:24673)
    at iZ (https://p.z1.pub/_next/static/chunks/fd9d1056-cef6101d7157b6a0.js:1:120538)
    at ia (https://p.z1.pub/_next/static/chunks/fd9d1056-cef6101d7157b6a0.js:1:95165)
    at https://p.z1.pub/_next/static/chunks/fd9d1056-cef6101d7157b6a0.js:1:91091
    at https://p.z1.pub/_next/static/chunks/fd9d1056-cef6101d7157b6a0.js:1:91098
    at oZ (https://p.z1.pub/_next/static/chunks/fd9d1056-cef6101d7157b6a0.js:1:91203)
    at MessagePort.M (https://p.z1.pub/_next/static/chunks/2117-01eff9e7b8472831.js:1:85059)
[    3958ms] Error: Minified React error #418; visit https://react.dev/errors/418 for the full message or use the non-minified dev environment for full errors and additional helpful warnings.
    at t5 (https://p.z1.pub/_next/static/chunks/fd9d1056-cef6101d7157b6a0.js:1:24673)
    at iZ (https://p.z1.pub/_next/static/chunks/fd9d1056-cef6101d7157b6a0.js:1:120614)
    at ia (https://p.z1.pub/_next/static/chunks/fd9d1056-cef6101d7157b6a0.js:1:95165)
    at https://p.z1.pub/_next/static/chunks/fd9d1056-cef6101d7157b6a0.js:1:91091
    at https://p.z1.pub/_next/static/chunks/fd9d1056-cef6101d7157b6a0.js:1:91098
    at oZ (https://p.z1.pub/_next/static/chunks/fd9d1056-cef6101d7157b6a0.js:1:91203)
    at MessagePort.M (https://p.z1.pub/_next/static/chunks/2117-01eff9e7b8472831.js:1:85059)
[    3958ms] Error: Minified React error #423; visit https://react.dev/errors/423 for the full message or use the non-minified dev environment for full errors and additional helpful warnings.
    at iZ (https://p.z1.pub/_next/static/chunks/fd9d1056-cef6101d7157b6a0.js:1:118352)
    at ia (https://p.z1.pub/_next/static/chunks/fd9d1056-cef6101d7157b6a0.js:1:95165)
    at https://p.z1.pub/_next/static/chunks/fd9d1056-cef6101d7157b6a0.js:1:94987
    at il (https://p.z1.pub/_next/static/chunks/fd9d1056-cef6101d7157b6a0.js:1:94994)
    at oJ (https://p.z1.pub/_next/static/chunks/fd9d1056-cef6101d7157b6a0.js:1:92350)
    at oZ (https://p.z1.pub/_next/static/chunks/fd9d1056-cef6101d7157b6a0.js:1:91769)
    at MessagePort.M (https://p.z1.pub/_next/static/chunks/2117-01eff9e7b8472831.js:1:85059)
[    4344ms] [LOG] useToken useEffect called @ https://p.z1.pub/_next/static/chunks/app/layout-007208ba0db92f89.js:0
[    6811ms] [LOG] Not in DingTalk environment @ https://p.z1.pub/_next/static/chunks/app/layout-007208ba0db92f89.js:0
[    8027ms] [LOG] 移动端登录 url https://p.z1.pub/qr-login-mobile?storage=undefined @ https://p.z1.pub/_next/static/chunks/app/qr-login-desk/page-15b87781d65ded6d.js:0
[    8053ms] [LOG] Generated QR UUID: 7b2fbd40-c96a-4d3c-8b9e-d271a8f09f7c @ https://p.z1.pub/_next/static/chunks/app/qr-login-desk/page-15b87781d65ded6d.js:0
[    8054ms] [LOG] 移动端登录 url https://p.z1.pub/qr-login-mobile?storage=7b2fbd40-c96a-4d3c-8b9e-d271a8f09f7c @ https://p.z1.pub/_next/static/chunks/app/qr-login-desk/page-15b87781d65ded6d.js:0
[    9452ms] [LOG] airLoginCheck result: {state: notfound} @ https://p.z1.pub/_next/static/chunks/app/qr-login-desk/page-15b87781d65ded6d.js:0
[   10152ms] [LOG] airLoginCheck result: {state: notfound} @ https://p.z1.pub/_next/static/chunks/app/qr-login-desk/page-15b87781d65ded6d.js:0
[   11122ms] [LOG] airLoginCheck result: {state: notfound} @ https://p.z1.pub/_next/static/chunks/app/qr-login-desk/page-15b87781d65ded6d.js:0
[   12133ms] [LOG] airLoginCheck result: {state: notfound} @ https://p.z1.pub/_next/static/chunks/app/qr-login-desk/page-15b87781d65ded6d.js:0
[   13120ms] [LOG] airLoginCheck result: {state: notfound} @ https://p.z1.pub/_next/static/chunks/app/qr-login-desk/page-15b87781d65ded6d.js:0
[   14175ms] [LOG] airLoginCheck result: {state: notfound} @ https://p.z1.pub/_next/static/chunks/app/qr-login-desk/page-15b87781d65ded6d.js:0
[   15125ms] [LOG] airLoginCheck result: {state: notfound} @ https://p.z1.pub/_next/static/chunks/app/qr-login-desk/page-15b87781d65ded6d.js:0
[   16117ms] [LOG] airLoginCheck result: {state: notfound} @ https://p.z1.pub/_next/static/chunks/app/qr-login-desk/page-15b87781d65ded6d.js:0
[   17124ms] [LOG] airLoginCheck result: {state: notfound} @ https://p.z1.pub/_next/static/chunks/app/qr-login-desk/page-15b87781d65ded6d.js:0
[   18123ms] [LOG] airLoginCheck result: {state: notfound} @ https://p.z1.pub/_next/static/chunks/app/qr-login-desk/page-15b87781d65ded6d.js:0
[   19120ms] [LOG] airLoginCheck result: {state: scanned, payload: Object} @ https://p.z1.pub/_next/static/chunks/app/qr-login-desk/page-15b87781d65ded6d.js:0
[   19121ms] [LOG] QR scanned by: Android 钉钉 @ https://p.z1.pub/_next/static/chunks/app/qr-login-desk/page-15b87781d65ded6d.js:0
[   20121ms] [LOG] airLoginCheck result: {state: scanned, payload: Object} @ https://p.z1.pub/_next/static/chunks/app/qr-login-desk/page-15b87781d65ded6d.js:0
[   20121ms] [LOG] QR scanned by: Android 钉钉 @ https://p.z1.pub/_next/static/chunks/app/qr-login-desk/page-15b87781d65ded6d.js:0
[   21126ms] [LOG] airLoginCheck result: {state: scanned, payload: Object} @ https://p.z1.pub/_next/static/chunks/app/qr-login-desk/page-15b87781d65ded6d.js:0
[   21126ms] [LOG] QR scanned by: Android 钉钉 @ https://p.z1.pub/_next/static/chunks/app/qr-login-desk/page-15b87781d65ded6d.js:0
[   22121ms] [LOG] airLoginCheck result: {state: scanned, payload: Object} @ https://p.z1.pub/_next/static/chunks/app/qr-login-desk/page-15b87781d65ded6d.js:0
[   22121ms] [LOG] QR scanned by: Android 钉钉 @ https://p.z1.pub/_next/static/chunks/app/qr-login-desk/page-15b87781d65ded6d.js:0
