[     815ms] Error: Minified React error #418; visit https://react.dev/errors/418 for the full message or use the non-minified dev environment for full errors and additional helpful warnings.
    at t5 (https://p.z1.pub/_next/static/chunks/fd9d1056-cef6101d7157b6a0.js:1:24673)
    at iZ (https://p.z1.pub/_next/static/chunks/fd9d1056-cef6101d7157b6a0.js:1:120538)
    at ia (https://p.z1.pub/_next/static/chunks/fd9d1056-cef6101d7157b6a0.js:1:95165)
    at https://p.z1.pub/_next/static/chunks/fd9d1056-cef6101d7157b6a0.js:1:91091
    at https://p.z1.pub/_next/static/chunks/fd9d1056-cef6101d7157b6a0.js:1:91098
    at oZ (https://p.z1.pub/_next/static/chunks/fd9d1056-cef6101d7157b6a0.js:1:91203)
    at MessagePort.M (https://p.z1.pub/_next/static/chunks/2117-01eff9e7b8472831.js:1:85059)
[     816ms] Error: Minified React error #418; visit https://react.dev/errors/418 for the full message or use the non-minified dev environment for full errors and additional helpful warnings.
    at t5 (https://p.z1.pub/_next/static/chunks/fd9d1056-cef6101d7157b6a0.js:1:24673)
    at iZ (https://p.z1.pub/_next/static/chunks/fd9d1056-cef6101d7157b6a0.js:1:120538)
    at ia (https://p.z1.pub/_next/static/chunks/fd9d1056-cef6101d7157b6a0.js:1:95165)
    at https://p.z1.pub/_next/static/chunks/fd9d1056-cef6101d7157b6a0.js:1:91091
    at https://p.z1.pub/_next/static/chunks/fd9d1056-cef6101d7157b6a0.js:1:91098
    at oZ (https://p.z1.pub/_next/static/chunks/fd9d1056-cef6101d7157b6a0.js:1:91203)
    at MessagePort.M (https://p.z1.pub/_next/static/chunks/2117-01eff9e7b8472831.js:1:85059)
[     816ms] Error: Minified React error #418; visit https://react.dev/errors/418 for the full message or use the non-minified dev environment for full errors and additional helpful warnings.
    at t5 (https://p.z1.pub/_next/static/chunks/fd9d1056-cef6101d7157b6a0.js:1:24673)
    at iZ (https://p.z1.pub/_next/static/chunks/fd9d1056-cef6101d7157b6a0.js:1:120614)
    at ia (https://p.z1.pub/_next/static/chunks/fd9d1056-cef6101d7157b6a0.js:1:95165)
    at https://p.z1.pub/_next/static/chunks/fd9d1056-cef6101d7157b6a0.js:1:91091
    at https://p.z1.pub/_next/static/chunks/fd9d1056-cef6101d7157b6a0.js:1:91098
    at oZ (https://p.z1.pub/_next/static/chunks/fd9d1056-cef6101d7157b6a0.js:1:91203)
    at MessagePort.M (https://p.z1.pub/_next/static/chunks/2117-01eff9e7b8472831.js:1:85059)
[     817ms] Error: Minified React error #423; visit https://react.dev/errors/423 for the full message or use the non-minified dev environment for full errors and additional helpful warnings.
    at iZ (https://p.z1.pub/_next/static/chunks/fd9d1056-cef6101d7157b6a0.js:1:118352)
    at ia (https://p.z1.pub/_next/static/chunks/fd9d1056-cef6101d7157b6a0.js:1:95165)
    at https://p.z1.pub/_next/static/chunks/fd9d1056-cef6101d7157b6a0.js:1:94987
    at il (https://p.z1.pub/_next/static/chunks/fd9d1056-cef6101d7157b6a0.js:1:94994)
    at oJ (https://p.z1.pub/_next/static/chunks/fd9d1056-cef6101d7157b6a0.js:1:92350)
    at oZ (https://p.z1.pub/_next/static/chunks/fd9d1056-cef6101d7157b6a0.js:1:91769)
    at MessagePort.M (https://p.z1.pub/_next/static/chunks/2117-01eff9e7b8472831.js:1:85059)
[     801ms] [LOG] useToken useEffect called @ https://p.z1.pub/_next/static/chunks/app/layout-007208ba0db92f89.js:0
[     802ms] [LOG] Valid cached token found @ https://p.z1.pub/_next/static/chunks/app/layout-007208ba0db92f89.js:0
