[    1556ms] [WARNING] iso_swr: SSR fetch failed for "/api/v8/projects?includePermissions=false&latestDeployments=0&limit=10&search=&slug=qblyf-z1p-rnew" {error: iso_swr_fetch_error, message: The request is missing an authentication token} @ https://vercel.com/qblyf-z1p-rnew/settings/git:1455
[    1556ms] [WARNING] iso_swr: SSR fetch failed for "/api/v2/teams/qblyf-z1p-rnew" {error: iso_swr_fetch_error, message: The request is missing an authentication token} @ https://vercel.com/qblyf-z1p-rnew/settings/git:1455
[    1556ms] [WARNING] iso_swr: SSR fetch failed for "/v1/dashboard/projects/settings?teamId=qblyf-z1p-rnew" {error: iso_swr_fetch_error, message: The request is missing an authentication token} @ https://vercel.com/qblyf-z1p-rnew/settings/git:1455
[    1561ms] [WARNING] iso_swr: SSR fetch failed for "/v1/dashboard/deployments/dpl_git?includeDeleted=true&projectName=settings&teamId=qblyf-z1p-rnew" {error: iso_swr_fetch_error, message: Team not found} @ https://vercel.com/qblyf-z1p-rnew/settings/git:1496
[    1562ms] [WARNING] iso_swr: SSR fetch failed for "/api/dashboard/deployments/dpl_git?includeDeleted=true&projectName=settings&teamId=qblyf-z1p-rnew" {error: iso_swr_fetch_error, message: Team not found} @ https://vercel.com/qblyf-z1p-rnew/settings/git:1496
[    7032ms] [LOG] %c
▲

    ________   _ __ _          ____           __
   /  _/ __/  (_) /( )_____   / __/___ ______/ /_
   / // /_   / / __/// ___/  / /_/ __ `/ ___/ __/
 _/ // __/  / / /_  (__  )  / __/ /_/ (__  ) /_
/___/_/    /_/\__/ /____/  /_/  \__,_/____/\__/
    _ __ _                         _    __                    __
   (_) /( )_____   ____  ____     | |  / /__  _____________  / /
  / / __/// ___/  / __ \/ __ \    | | / / _ \/ ___/ ___/ _ \/ /
 / / /_  (__  )  / /_/ / / / /    | |/ /  __/ /  / /__/  __/ /
/_/\__/ /____/   \____/_/ /_/     |___/\___/_/   \___/\___/_/
  

Hello!

- Open Source https://vercel.com/oss
- Careers https://vercel.com/careers
- Status https://vercel-status.com

 font-family: "Geist Mono", monospace; white-space: pre; line-height: 1; @ https://vercel.com/_next/static/immutable/chunks/1sjcl_g7---zh.js:78
[   10569ms] [WARNING] iso_swr[warn] [client] fallback error for key: "/api/v2/teams/qblyf-z1p-rnew" {error: iso_swr_fetch_error, message: The request is missing an authentication token} @ https://vercel.com/_next/static/immutable/chunks/33pnpb6kejh6-.js:6
[   10740ms] [WARNING] iso_swr[warn] [client] fallback error for key: "/v1/dashboard/projects/settings?teamId=qblyf-z1p-rnew" {error: iso_swr_fetch_error, message: The request is missing an authentication token} @ https://vercel.com/_next/static/immutable/chunks/33pnpb6kejh6-.js:6
[   10778ms] [WARNING] iso_swr[warn] [client] fallback error for key: "/v1/dashboard/deployments/dpl_git?includeDeleted=true&projectName=settings&teamId=qblyf-z1p-rnew" {error: iso_swr_fetch_error, message: Team not found} @ https://vercel.com/_next/static/immutable/chunks/33pnpb6kejh6-.js:6
[   11260ms] [ERROR] Failed to load resource: the server responded with a status of 403 () @ https://vercel.com/api/v1/notifications/push:0
[   11260ms] [ERROR] Failed to load resource: the server responded with a status of 403 () @ https://vercel.com/api/v1/dashboard/projects/settings?teamId=qblyf-z1p-rnew:0
[   11261ms] [ERROR] Failed to load resource: the server responded with a status of 403 () @ https://vercel.com/api/jwt:0
[   12222ms] [ERROR] Failed to load resource: the server responded with a status of 404 () @ https://vercel.com/api/v1/dashboard/deployments/dpl_git?includeDeleted=true&projectName=settings&teamId=qblyf-z1p-rnew:0
[   12223ms] [ERROR] Failed to load resource: the server responded with a status of 403 () @ https://vercel.com/api/user/permissions?projectIdOrName=settings&slug=qblyf-z1p-rnew:0
[   12225ms] [LOG] Ignored request error CustomFetchError: Team not found
    at d (https://vercel.com/_next/static/immutable/chunks/22msqc3jbyq6c.js:2:22289)
    at async https://vercel.com/_next/static/immutable/chunks/1piul4w1n6twa.js:2:25385
    at async https://vercel.com/_next/static/immutable/chunks/262lb_-rjvzet.js:2:11858 @ https://vercel.com/_next/static/immutable/chunks/1jzpdry3qh84d.js:4
[   12227ms] [LOG] Ignored request error CustomFetchError: The request is missing an authentication token
    at d (https://vercel.com/_next/static/immutable/chunks/22msqc3jbyq6c.js:2:22289)
    at async https://vercel.com/_next/static/immutable/chunks/262lb_-rjvzet.js:2:11858 @ https://vercel.com/_next/static/immutable/chunks/1jzpdry3qh84d.js:4
[   13360ms] [ERROR] The script resource is behind a redirect, which is disallowed. @ :0
[   13366ms] [LOG] Ignored request error TypeError: Failed to fetch
    at window.fetch (https://vercel.com/qblyf-z1p-rnew/settings/git:1:19728)
    at revalidateOnFocus (https://vercel.com/_next/static/immutable/chunks/2wiyc7f5k7lb5.js:2:1127)
    at o (https://vercel.com/_next/static/immutable/chunks/262lb_-rjvzet.js:2:6982)
    at https://vercel.com/_next/static/immutable/chunks/262lb_-rjvzet.js:2:11828
    at https://vercel.com/_next/static/immutable/chunks/262lb_-rjvzet.js:2:13328
    at iR (https://vercel.com/_next/static/immutable/chunks/1sjcl_g7---zh.js:79:103096)
    at up (https://vercel.com/_next/static/immutable/chunks/1sjcl_g7---zh.js:79:111266)
    at uP (https://vercel.com/_next/static/immutable/chunks/1sjcl_g7---zh.js:79:123843)
    at up (https://vercel.com/_next/static/immutable/chunks/1sjcl_g7---zh.js:79:111253)
    at uP (https://vercel.com/_next/static/immutable/chunks/1sjcl_g7---zh.js:79:123843) @ https://vercel.com/_next/static/immutable/chunks/1jzpdry3qh84d.js:4
[   13367ms] [LOG] Ignored request error TypeError: A network error has occurred. Please check your connection and try again.
    at w (https://vercel.com/_next/static/immutable/chunks/2-air3pi20ts0.js:2:15729)
    at async revalidateIfStale (https://vercel.com/_next/static/immutable/chunks/0zlyk_sp6scf4.js:11:82850)
    at async https://vercel.com/_next/static/immutable/chunks/262lb_-rjvzet.js:2:11858 @ https://vercel.com/_next/static/immutable/chunks/1jzpdry3qh84d.js:4
[   13649ms] [LOG] %c
▲

    ____                               _ __
   / __ \________  ____ _____ ___     (_) /_
  / / / / ___/ _ \/ __ `/ __ `__ \   / / __/
 / /_/ / /  /  __/ /_/ / / / / / /  / / /__
/_____/_/   \___/\__,_/_/ /_/ /_/  /_/\__( )
   _____ __    _          _ __           |/
  / ___// /_  (_)___     (_) /_
  \__ \/ __ \/ / __ \   / / __/
 ___/ / / / / / /_/ /  / / /_
/____/_/ /_/_/ .___/  /_/\__/
            /_/
  

Hello!

- Open Source https://vercel.com/oss
- Careers https://vercel.com/careers
- Status https://vercel-status.com

 font-family: "Geist Mono", monospace; white-space: pre; line-height: 1; @ https://vercel.com/_next/static/immutable/chunks/1sjcl_g7---zh.js:78
[   14577ms] [WARNING] [GSI_LOGGER]: Your client application uses one of the Google One Tap prompt UI status methods that may stop functioning when FedCM becomes mandatory. Refer to the migration guide to update your code accordingly and opt-in to FedCM to test your changes. Learn more: https://developers.google.com/identity/gsi/web/guides/fedcm-migration?s=dc#display_moment and https://developers.google.com/identity/gsi/web/guides/fedcm-migration?s=dc#skipped_moment @ https://accounts.google.com/gsi/client:84
[   14583ms] [ERROR] Not signed in with the identity provider. @ https://vercel.com/login?next=%2Fqblyf-z1p-rnew%2Fsettings%2Fgit:0
[   14971ms] [ERROR] Failed to load resource: the server responded with a status of 403 () @ https://vercel.com/api/jwt:0
[   14991ms] [WARNING] Deprecated API for given entry type. @ https://vercel.com/_next/static/immutable/chunks/0qzfdxdn7uo4m.js:18
[   16482ms] [ERROR] [GSI_LOGGER]: FedCM get() rejects with AbortError: signal is aborted without reason @ https://vercel.com/_next/static/immutable/chunks/0fs9z4yhn7lr4.js:1
[   16711ms] [ERROR] Failed to load resource: the server responded with a status of 429 () @ https://o205439.ingest.sentry.io/api/1323670/envelope/?sentry_key=d00780d432ac4ccf882f60dd02062e14&sentry_version=7&sentry_client=sentry.javascript.browser%2F7.111.0:0
[   20664ms] [WARNING] The resource https://vercel.com/_next/static/immutable/media/adobe-dark.1yc1msmmj95aw.svg was preloaded using link preload but not used within a few seconds from the window's load event. Please make sure it has an appropriate `as` value and it is preloaded intentionally. @ https://vercel.com/login?next=%2Fqblyf-z1p-rnew%2Fsettings%2Fgit:0
[   20664ms] [WARNING] The resource https://vercel.com/_next/static/immutable/chunks/09f00n8m302ia.css was preloaded using link preload but not used within a few seconds from the window's load event. Please make sure it has an appropriate `as` value and it is preloaded intentionally. @ https://vercel.com/login?next=%2Fqblyf-z1p-rnew%2Fsettings%2Fgit:0
[   20664ms] [WARNING] The resource https://vercel.com/_next/static/immutable/media/ebay-dark.34mho2a18qqlt.svg was preloaded using link preload but not used within a few seconds from the window's load event. Please make sure it has an appropriate `as` value and it is preloaded intentionally. @ https://vercel.com/login?next=%2Fqblyf-z1p-rnew%2Fsettings%2Fgit:0
[   20664ms] [WARNING] The resource https://vercel.com/_next/static/immutable/media/stripe-light.2l_1jctpe6k_4.svg was preloaded using link preload but not used within a few seconds from the window's load event. Please make sure it has an appropriate `as` value and it is preloaded intentionally. @ https://vercel.com/login?next=%2Fqblyf-z1p-rnew%2Fsettings%2Fgit:0
[   20664ms] [WARNING] The resource https://vercel.com/_next/static/immutable/media/stripe-dark.16ozjth2vgb_3.svg was preloaded using link preload but not used within a few seconds from the window's load event. Please make sure it has an appropriate `as` value and it is preloaded intentionally. @ https://vercel.com/login?next=%2Fqblyf-z1p-rnew%2Fsettings%2Fgit:0
[   20664ms] [WARNING] The resource https://vercel.com/_next/static/immutable/media/adobe-light.406_7oryl71va.svg was preloaded using link preload but not used within a few seconds from the window's load event. Please make sure it has an appropriate `as` value and it is preloaded intentionally. @ https://vercel.com/login?next=%2Fqblyf-z1p-rnew%2Fsettings%2Fgit:0
[   20664ms] [WARNING] The resource https://vercel.com/_next/static/immutable/media/ebay-light.3ft_ki8203ov0.svg was preloaded using link preload but not used within a few seconds from the window's load event. Please make sure it has an appropriate `as` value and it is preloaded intentionally. @ https://vercel.com/login?next=%2Fqblyf-z1p-rnew%2Fsettings%2Fgit:0
[   22855ms] [VERBOSE] [DOM] Password field is not contained in a form: (More info: https://goo.gl/9p2vKq) %o @ https://accounts.google.com/v3/signin/identifier?opparams=%253F&dsh=S-1372132793%3A1776597237780575&client_id=258013614557-nema0dumfbottebi6to7aqi85qot9pvs.apps.googleusercontent.com&o2v=2&redirect_uri=https%3A%2F%2Fvercel.com%2Fapi%2Fregistration%2Fgoogle%2Fcallback&response_type=code&scope=openid+profile+email&service=lso&state=d469741672322f3cb4fc50a32762c81262964cf8a067b45247e44a313f89cbe9ce14abeab7c394ebe8db1bc7c9e251b9000283b1d744b09a67e8ea718b453b435f10c3fec96007d9586a2a4eff1e66747a8d4fa5ad95c259bfb4c5aeb89b763370e566344db4c21846a298c236fd299f4e5b97234f6f6a714efdc28791f5a7a213e004edd29a6a9c5cb617ce776e083a9182cba414ac9f4151407aabf8841dc3c28ba4359376cfa14eef4210c6351d8f38fe6ecc1b37fd96810ac86701d40409da2919d65347875e93927cea184e452c381c15c5d7f82f47d263784975274f1e1d54361e85df91280be033798e4c89f90ee69b469e35412ab65f0d8dbf75a7443ea82817629aefbb6fe36d00941b6c5e38bea03e6bd0299842c54472c499b5e71a6f5cb7915bf122ad0e9e59de2513389468b871b88d7bc288e561080ed1416c475865cc28cde73fdfcfeb1a346478a4da28caf80db03133f1aa5484d2e02e2c993986b00700a0bae17abc22e1f5488f6123915826e493855face3ce576bd51bf5155758cc6c988f2aabb597&flowName=GeneralOAuthFlow&continue=https%3A%2F%2Faccounts.google.com%2Fsignin%2Foauth%2Fconsent%3Fauthuser%3Dunknown%26part%3DAJi8hAOb3MRFHJEJ_IHhWS6I-IXSwVKFuE3IoWGvWUf7o6Zbzd5JepgtllDt_yG9WAdI6AvrWlPF0T7irDkVYGx7OeSEtmuTvdCq-G5_ti8Jo6rMJr_Kh47CghvQDm7JTryF8KKjpoS3nvhXaVmZINlqsEzhkTaHeMlzkYZvoBj9M_HNyeIO0w9J55EdNVrfTk9iTqYyCDK6g53nji-l_tAHZ-JuHaZ_e1YkKuXVmYWKScc8xeBhog6XjGbTPzUeIQhE3WpSXGnKdJTpNi1yAaT6Ha7qBToB58wPuVkVnXqwFOAW1vKo-NKfsQW2pQbKdBHkgvij-ZOWir-CO5_hITVmj9DXF_DtzZpmDq46gGiFbDqUxc4VhTqcp9x_-eVAiwCBuPT4tV0xYYvQjaw7VsjaTCiY6lI_nTLjtjH9RMaWaYdMiN7MukInte8j73038XblnQT7EyQsezlCOXBMe1ORZbaODWa4Bw%26flowName%3DGeneralOAuthFlow%26as%3DS-1372132793%253A1776597237780575%26client_id%3D258013614557-nema0dumfbottebi6to7aqi85qot9pvs.apps.googleusercontent.com%26requestPath%3D%252Fsignin%252Foauth%252Fconsent%23&app_domain=https%3A%2F%2Fvercel.com&rart=ANgoxcd_s0MfxB_alaZ56rRJ6k9rlkdUIFsUoACy5snEmvFn_yZbe8bNzb-te927GSijA2i4eFzKIRPScYnTlxehTcTg9O4HjsuDqMs-Z7pch6C9-27L2l0:0
[   22860ms] [LOG] %c%s color: red; background: yellow; font-size: 24px; 警告！ @ https://www.gstatic.com/_/mss/boq-identity/_/js/k=boq-identity.AccountsSignInUi.zh_CN.ypd2mcoqBSU.es5.O/am=Kf4GAABCEUgGwP___z8AIACCaOB6FoAmEBkAAAAAAAAAALBAAAAaAQ/d=1/excm=_b,_tp,identifierview/ed=1/dg=0/wt=2/ujg=1/rs=AOaEmlFhIFJU3moZutRag7-d9oge9qTHBw/dti=1/m=_b,_tp:468
[   22860ms] [LOG] %c%s font-size: 18px; 使用此控制台可能会导致攻击程序利用 Self-XSS 攻击冒充您并窃取您的信息。
请勿输入或粘贴您不明白的代码。 @ https://www.gstatic.com/_/mss/boq-identity/_/js/k=boq-identity.AccountsSignInUi.zh_CN.ypd2mcoqBSU.es5.O/am=Kf4GAABCEUgGwP___z8AIACCaOB6FoAmEBkAAAAAAAAAALBAAAAaAQ/d=1/excm=_b,_tp,identifierview/ed=1/dg=0/wt=2/ujg=1/rs=AOaEmlFhIFJU3moZutRag7-d9oge9qTHBw/dti=1/m=_b,_tp:468
[   23631ms] [LOG] %c
▲

    ________   _ __ _          ____           __
   /  _/ __/  (_) /( )_____   / __/___ ______/ /_
   / // /_   / / __/// ___/  / /_/ __ `/ ___/ __/
 _/ // __/  / / /_  (__  )  / __/ /_/ (__  ) /_
/___/_/    /_/\__/ /____/  /_/  \__,_/____/\__/
    _ __ _                         _    __                    __
   (_) /( )_____   ____  ____     | |  / /__  _____________  / /
  / / __/// ___/  / __ \/ __ \    | | / / _ \/ ___/ ___/ _ \/ /
 / / /_  (__  )  / /_/ / / / /    | |/ /  __/ /  / /__/  __/ /
/_/\__/ /____/   \____/_/ /_/     |___/\___/_/   \___/\___/_/
  

Hello!

- Open Source https://vercel.com/oss
- Careers https://vercel.com/careers
- Status https://vercel-status.com

 font-family: "Geist Mono", monospace; white-space: pre; line-height: 1; @ https://vercel.com/_next/static/immutable/chunks/1sjcl_g7---zh.js:78
[   23787ms] [WARNING] [GSI_LOGGER]: Your client application uses one of the Google One Tap prompt UI status methods that may stop functioning when FedCM becomes mandatory. Refer to the migration guide to update your code accordingly and opt-in to FedCM to test your changes. Learn more: https://developers.google.com/identity/gsi/web/guides/fedcm-migration?s=dc#display_moment and https://developers.google.com/identity/gsi/web/guides/fedcm-migration?s=dc#skipped_moment @ https://accounts.google.com/gsi/client:84
[   23796ms] [ERROR] Not signed in with the identity provider. @ https://vercel.com/login?next=%2Fqblyf-z1p-rnew%2Fsettings%2Fgit:0
[   23899ms] [ERROR] [GSI_LOGGER]: FedCM get() rejects with NetworkError: Error retrieving a token. @ https://accounts.google.com/gsi/client:85
[   24156ms] [WARNING] Deprecated API for given entry type. @ https://vercel.com/_next/static/immutable/chunks/0qzfdxdn7uo4m.js:18
[   24170ms] [ERROR] Failed to load resource: the server responded with a status of 403 () @ https://vercel.com/api/jwt:0
