[     606ms] Error: Minified React error #418; visit https://react.dev/errors/418 for the full message or use the non-minified dev environment for full errors and additional helpful warnings.
    at t5 (https://p.z1.pub/_next/static/chunks/fd9d1056-cef6101d7157b6a0.js:1:24673)
    at iZ (https://p.z1.pub/_next/static/chunks/fd9d1056-cef6101d7157b6a0.js:1:120538)
    at ia (https://p.z1.pub/_next/static/chunks/fd9d1056-cef6101d7157b6a0.js:1:95165)
    at https://p.z1.pub/_next/static/chunks/fd9d1056-cef6101d7157b6a0.js:1:91091
    at https://p.z1.pub/_next/static/chunks/fd9d1056-cef6101d7157b6a0.js:1:91098
    at oZ (https://p.z1.pub/_next/static/chunks/fd9d1056-cef6101d7157b6a0.js:1:91203)
    at MessagePort.M (https://p.z1.pub/_next/static/chunks/2117-01eff9e7b8472831.js:1:85059)
[     607ms] Error: Minified React error #418; visit https://react.dev/errors/418 for the full message or use the non-minified dev environment for full errors and additional helpful warnings.
    at t5 (https://p.z1.pub/_next/static/chunks/fd9d1056-cef6101d7157b6a0.js:1:24673)
    at iZ (https://p.z1.pub/_next/static/chunks/fd9d1056-cef6101d7157b6a0.js:1:120538)
    at ia (https://p.z1.pub/_next/static/chunks/fd9d1056-cef6101d7157b6a0.js:1:95165)
    at https://p.z1.pub/_next/static/chunks/fd9d1056-cef6101d7157b6a0.js:1:91091
    at https://p.z1.pub/_next/static/chunks/fd9d1056-cef6101d7157b6a0.js:1:91098
    at oZ (https://p.z1.pub/_next/static/chunks/fd9d1056-cef6101d7157b6a0.js:1:91203)
    at MessagePort.M (https://p.z1.pub/_next/static/chunks/2117-01eff9e7b8472831.js:1:85059)
[     607ms] Error: Minified React error #418; visit https://react.dev/errors/418 for the full message or use the non-minified dev environment for full errors and additional helpful warnings.
    at t5 (https://p.z1.pub/_next/static/chunks/fd9d1056-cef6101d7157b6a0.js:1:24673)
    at iZ (https://p.z1.pub/_next/static/chunks/fd9d1056-cef6101d7157b6a0.js:1:120614)
    at ia (https://p.z1.pub/_next/static/chunks/fd9d1056-cef6101d7157b6a0.js:1:95165)
    at https://p.z1.pub/_next/static/chunks/fd9d1056-cef6101d7157b6a0.js:1:91091
    at https://p.z1.pub/_next/static/chunks/fd9d1056-cef6101d7157b6a0.js:1:91098
    at oZ (https://p.z1.pub/_next/static/chunks/fd9d1056-cef6101d7157b6a0.js:1:91203)
    at MessagePort.M (https://p.z1.pub/_next/static/chunks/2117-01eff9e7b8472831.js:1:85059)
[     608ms] Error: Minified React error #423; visit https://react.dev/errors/423 for the full message or use the non-minified dev environment for full errors and additional helpful warnings.
    at iZ (https://p.z1.pub/_next/static/chunks/fd9d1056-cef6101d7157b6a0.js:1:118352)
    at ia (https://p.z1.pub/_next/static/chunks/fd9d1056-cef6101d7157b6a0.js:1:95165)
    at https://p.z1.pub/_next/static/chunks/fd9d1056-cef6101d7157b6a0.js:1:94987
    at il (https://p.z1.pub/_next/static/chunks/fd9d1056-cef6101d7157b6a0.js:1:94994)
    at oJ (https://p.z1.pub/_next/static/chunks/fd9d1056-cef6101d7157b6a0.js:1:92350)
    at oZ (https://p.z1.pub/_next/static/chunks/fd9d1056-cef6101d7157b6a0.js:1:91769)
    at MessagePort.M (https://p.z1.pub/_next/static/chunks/2117-01eff9e7b8472831.js:1:85059)
[     580ms] [LOG] useToken useEffect called @ https://p.z1.pub/_next/static/chunks/app/layout-007208ba0db92f89.js:0
[     625ms] [LOG] Not in DingTalk environment @ https://p.z1.pub/_next/static/chunks/app/layout-007208ba0db92f89.js:0
[    1130ms] [LOG] 移动端登录 url https://p.z1.pub/qr-login-mobile?storage=undefined @ https://p.z1.pub/_next/static/chunks/app/qr-login-desk/page-15b87781d65ded6d.js:0
[    1139ms] [LOG] Generated QR UUID: 2d2ec5c6-4cd4-450a-a1bf-ba5b1bdb972f @ https://p.z1.pub/_next/static/chunks/app/qr-login-desk/page-15b87781d65ded6d.js:0
[    1140ms] [LOG] 移动端登录 url https://p.z1.pub/qr-login-mobile?storage=2d2ec5c6-4cd4-450a-a1bf-ba5b1bdb972f @ https://p.z1.pub/_next/static/chunks/app/qr-login-desk/page-15b87781d65ded6d.js:0
[    2213ms] [LOG] airLoginCheck result: {state: notfound} @ https://p.z1.pub/_next/static/chunks/app/qr-login-desk/page-15b87781d65ded6d.js:0
[    3199ms] [LOG] airLoginCheck result: {state: notfound} @ https://p.z1.pub/_next/static/chunks/app/qr-login-desk/page-15b87781d65ded6d.js:0
[    4205ms] [LOG] airLoginCheck result: {state: notfound} @ https://p.z1.pub/_next/static/chunks/app/qr-login-desk/page-15b87781d65ded6d.js:0
[    5213ms] [LOG] airLoginCheck result: {state: notfound} @ https://p.z1.pub/_next/static/chunks/app/qr-login-desk/page-15b87781d65ded6d.js:0
[    6225ms] [LOG] airLoginCheck result: {state: notfound} @ https://p.z1.pub/_next/static/chunks/app/qr-login-desk/page-15b87781d65ded6d.js:0
[    7205ms] [LOG] airLoginCheck result: {state: notfound} @ https://p.z1.pub/_next/static/chunks/app/qr-login-desk/page-15b87781d65ded6d.js:0
[    8205ms] [LOG] airLoginCheck result: {state: notfound} @ https://p.z1.pub/_next/static/chunks/app/qr-login-desk/page-15b87781d65ded6d.js:0
[    9220ms] [LOG] airLoginCheck result: {state: notfound} @ https://p.z1.pub/_next/static/chunks/app/qr-login-desk/page-15b87781d65ded6d.js:0
[   10220ms] [LOG] airLoginCheck result: {state: scanned, payload: Object} @ https://p.z1.pub/_next/static/chunks/app/qr-login-desk/page-15b87781d65ded6d.js:0
[   10220ms] [LOG] QR scanned by: Android 钉钉 @ https://p.z1.pub/_next/static/chunks/app/qr-login-desk/page-15b87781d65ded6d.js:0
[   11223ms] [LOG] airLoginCheck result: {state: confirmed, payload: Object} @ https://p.z1.pub/_next/static/chunks/app/qr-login-desk/page-15b87781d65ded6d.js:0
[   11223ms] [LOG] Login confirmed, token received: yes @ https://p.z1.pub/_next/static/chunks/app/qr-login-desk/page-15b87781d65ded6d.js:0
[   11223ms] [LOG] Token saved to localStorage @ https://p.z1.pub/_next/static/chunks/app/qr-login-desk/page-15b87781d65ded6d.js:0
[   11952ms] [LOG] useToken useEffect called @ https://p.z1.pub/_next/static/chunks/app/qr-login-desk/page-15b87781d65ded6d.js:0
[   11953ms] [LOG] Valid cached token found @ https://p.z1.pub/_next/static/chunks/app/qr-login-desk/page-15b87781d65ded6d.js:0
[   11960ms] [LOG] 移动端登录 url https://p.z1.pub/qr-login-mobile?storage=undefined @ https://p.z1.pub/_next/static/chunks/app/qr-login-desk/page-15b87781d65ded6d.js:0
[   11964ms] [LOG] Generated QR UUID: 06142b7b-1179-421b-ba36-0d39b17aad59 @ https://p.z1.pub/_next/static/chunks/app/qr-login-desk/page-15b87781d65ded6d.js:0
[   11965ms] [LOG] 移动端登录 url https://p.z1.pub/qr-login-mobile?storage=06142b7b-1179-421b-ba36-0d39b17aad59 @ https://p.z1.pub/_next/static/chunks/app/qr-login-desk/page-15b87781d65ded6d.js:0
[   11968ms] [LOG] Desktop login successful, redirecting to home @ https://p.z1.pub/_next/static/chunks/app/qr-login-desk/page-15b87781d65ded6d.js:0
